


ARM Macro Assembler    Page 1 


    1 00000000                 PRESERVE8
    2 00000000                 THUMB
    3 00000000                 AREA             RESET, DATA, READONLY
    4 00000000         ; 前三行为语法规定
    5 00000000         
    6 00000000                 EXPORT           __Vectors
    7 00000000 00000000 
                       __Vectors
                               DCD              0
    8 00000004 00000000        DCD              Reset_Handler ; Reset Handler
    9 00000008         
   10 00000008                 AREA             |.text|, CODE, READONLY
   11 00000000         
   12 00000000         ; Reset handler
   13 00000000         Reset_Handler
                               PROC
   14 00000000                 EXPORT           Reset_Handler             [WEAK
]
   15 00000000         
   16 00000000         ; enable GPIOB
   17 00000000         ; pReg = (unsigned int *)(0x40021000U + 0x18U);
   18 00000000         ; *pReg |= (1UL << 3U);
   19 00000000 480F            LDR              R0, = (0x40021000 + 0x18)
   20 00000002 6801            LDR              R1, [R0]
   21 00000004 F041 0108       ORR              R1, R1, #(1<<3)
   22 00000008 6001            STR              R1, [R0]
   23 0000000A         
   24 0000000A         ; set GPIOB0 as output
   25 0000000A         ; pReg = (unsigned int *)(0x40010C00U + 0x00U);
   26 0000000A         ; *pReg |= (1UL << 0U);
   27 0000000A 480E            LDR              R0, = (0x40010C00 + 0x00)
   28 0000000C 6801            LDR              R1, [R0]
   29 0000000E F041 0101       ORR              R1, R1, #(1<<0)
   30 00000012 6001            STR              R1, [R0]
   31 00000014         
   32 00000014 480C            LDR              R0, = (0x40010C00 + 0x0C)
   33 00000016         Loop
   34 00000016         ; set GPIOB0 output high
   35 00000016         ; *pReg |= (1UL << 0U);
   36 00000016 6801            LDR              R1, [R0]
   37 00000018 F041 0101       ORR              R1, R1, #(1<<0)
   38 0000001C 6001            STR              R1, [R0]
   39 0000001E         
   40 0000001E         ; delay
   41 0000001E F242 7010       LDR              R0, = 10000
   42 00000022 F000 F809       BL               delay
   43 00000026         
   44 00000026         ; set GPIOB0 output low
   45 00000026 6801            LDR              R1, [R0]
   46 00000028 F021 0101       BIC              R1, R1, #(1<<0)
   47 0000002C 6001            STR              R1, [R0]
   48 0000002E         
   49 0000002E         ; delay
   50 0000002E F242 7010       LDR              R0, = 10000
   51 00000032 F000 F801       BL               delay
   52 00000036         
   53 00000036 E7EE            B                Loop
   54 00000038         
   55 00000038                 ENDP



ARM Macro Assembler    Page 2 


   56 00000038         
   57 00000038         delay
   58 00000038 1E40            SUBS             R0, R0, #1  ; R0--
   59 0000003A D1FD            BNE              delay       ; 不为0
   60 0000003C 46F7            MOV              PC, LR
   61 0000003E         
   62 0000003E                 END
              00 00 40021018 
              40010C00 
              40010C0C 
Command Line: --debug --xref --diag_suppress=9931 --cpu=Cortex-M3 --apcs=interw
ork --depend=.\objects\start.d -o.\objects\start.o -ID:\SoftWare\Keil\PACKS\Kei
l\STM32F1xx_DFP\2.3.0\Device\Include -ID:\SoftWare\Keil\MDK\ARM\CMSIS\Include -
-predefine="__UVISION_VERSION SETA 532" --predefine="STM32F10X_HD SETA 1" --lis
t=.\listings\start.lst start.s



ARM Macro Assembler    Page 1 Alphabetic symbol ordering
Relocatable symbols

RESET 00000000

Symbol: RESET
   Definitions
      At line 3 in file start.s
   Uses
      None
Comment: RESET unused
__Vectors 00000000

Symbol: __Vectors
   Definitions
      At line 7 in file start.s
   Uses
      At line 6 in file start.s
Comment: __Vectors used once
2 symbols



ARM Macro Assembler    Page 1 Alphabetic symbol ordering
Relocatable symbols

.text 00000000

Symbol: .text
   Definitions
      At line 10 in file start.s
   Uses
      None
Comment: .text unused
Loop 00000016

Symbol: Loop
   Definitions
      At line 33 in file start.s
   Uses
      At line 53 in file start.s
Comment: Loop used once
Reset_Handler 00000000

Symbol: Reset_Handler
   Definitions
      At line 13 in file start.s
   Uses
      At line 8 in file start.s
      At line 14 in file start.s

delay 00000038

Symbol: delay
   Definitions
      At line 57 in file start.s
   Uses
      At line 42 in file start.s
      At line 51 in file start.s
      At line 59 in file start.s

4 symbols
340 symbols in table
