


ARM Macro Assembler    Page 1 


    1 00000000         
    2 00000000                 PRESERVE8
    3 00000000                 THUMB
    4 00000000         
    5 00000000         
    6 00000000         ; Vector Table Mapped to Address 0 at Reset
    7 00000000                 AREA             RESET, DATA, READONLY
    8 00000000                 EXPORT           __Vectors
    9 00000000         
   10 00000000 00000000 
                       __Vectors
                               DCD              0
   11 00000004 08000009        DCD              0x08000009  ;Reset_Handler ; Re
                                                            set Handler
   12 00000008         
   13 00000008                 AREA             |.text|, CODE, READONLY
   14 00000000         
   15 00000000         ; Reset handler
   16 00000000         Reset_Handler
                               PROC
   17 00000000                 EXPORT           Reset_Handler             [WEAK
]
   18 00000000                 IMPORT           mymain
   19 00000000                 IMPORT           SystemInit
   20 00000000         
   21 00000000 F8DF D008       LDR              SP, =(0x20000000+0x10000)
   22 00000004         
   23 00000004 F7FF FFFE       BL               SystemInit
   24 00000008 F7FF FFFE       BL               mymain
   25 0000000C         
   26 0000000C                 ENDP
   27 0000000C         
   28 0000000C                 END
              20010000 
Command Line: --debug --xref --diag_suppress=9931 --cpu=Cortex-M3 --apcs=interw
ork --depend=.\objects\start.d -o.\objects\start.o -ID:\SoftWare\Keil\PACKS\Kei
l\STM32F1xx_DFP\2.3.0\Device\Include -ID:\SoftWare\Keil\MDK\ARM\CMSIS\Include -
-predefine="__UVISION_VERSION SETA 532" --predefine="STM32F10X_HD SETA 1" --lis
t=.\listings\start.lst start.s



ARM Macro Assembler    Page 1 Alphabetic symbol ordering
Relocatable symbols

RESET 00000000

Symbol: RESET
   Definitions
      At line 7 in file start.s
   Uses
      None
Comment: RESET unused
__Vectors 00000000

Symbol: __Vectors
   Definitions
      At line 10 in file start.s
   Uses
      At line 8 in file start.s
Comment: __Vectors used once
2 symbols



ARM Macro Assembler    Page 1 Alphabetic symbol ordering
Relocatable symbols

.text 00000000

Symbol: .text
   Definitions
      At line 13 in file start.s
   Uses
      None
Comment: .text unused
Reset_Handler 00000000

Symbol: Reset_Handler
   Definitions
      At line 16 in file start.s
   Uses
      At line 17 in file start.s
Comment: Reset_Handler used once
2 symbols



ARM Macro Assembler    Page 1 Alphabetic symbol ordering
External symbols

SystemInit 00000000

Symbol: SystemInit
   Definitions
      At line 19 in file start.s
   Uses
      At line 23 in file start.s
Comment: SystemInit used once
mymain 00000000

Symbol: mymain
   Definitions
      At line 18 in file start.s
   Uses
      At line 24 in file start.s
Comment: mymain used once
2 symbols
340 symbols in table
