


ARM Macro Assembler    Page 1 


    1 00000000         
    2 00000000                 PRESERVE8
    3 00000000                 THUMB
    4 00000000         
    5 00000000         
    6 00000000         ; Vector Table Mapped to Address 0 at Reset
    7 00000000                 AREA             RESET, DATA, READONLY
    8 00000000                 EXPORT           __Vectors
    9 00000000         
   10 00000000 00000000 
                       __Vectors
                               DCD              0
   11 00000004 00000000        DCD              Reset_Handler ; Reset Handler
   12 00000008         
   13 00000008                 AREA             |.text|, CODE, READONLY
   14 00000000         
   15 00000000         ; Reset handler
   16 00000000         Reset_Handler
                               PROC
   17 00000000                 EXPORT           Reset_Handler             [WEAK
]
   18 00000000                 IMPORT           main
   19 00000000         
   20 00000000 F8DF D010       LDR              SP, =(0x20000000+0x10000)
   21 00000004         
   22 00000004         ; relocate data section
   23 00000004                 IMPORT           |Image$$RW_IRAM1$$Base| ; Execu
                                                            tion address of the
                                                             region.
   24 00000004                 IMPORT           |Image$$RW_IRAM1$$Length| ; Exe
                                                            cution region lengt
                                                            h in bytes excludin
                                                            g ZI length.
   25 00000004                 IMPORT           |Load$$RW_IRAM1$$Base| ; Load a
                                                            ddress of the regio
                                                            n.
   26 00000004                 IMPORT           memcpy
   27 00000004 4804            LDR              R0 ,= |Image$$RW_IRAM1$$Base| 
                                                            ; 加载地址
   28 00000006 4905            LDR              R1 ,= |Load$$RW_IRAM1$$Base| 
                                                            ; 目标地址
   29 00000008 4A05            LDR              R2 ,= |Image$$RW_IRAM1$$Length|
 
                                                            ; 加载长度
   30 0000000A F7FF FFFE       BL               memcpy
   31 0000000E         
   32 0000000E F7FF FFFE       BL               main
   33 00000012         
   34 00000012                 ENDP
   35 00000012         
   36 00000012                 END
              00 00 20010000 
              00000000 
              00000000 
              00000000 
Command Line: --debug --xref --diag_suppress=9931 --cpu=Cortex-M3 --apcs=interw
ork --depend=.\objects\start.d -o.\objects\start.o -ID:\SoftWare\Keil\PACKS\Kei
l\STM32F1xx_DFP\2.3.0\Device\Include -ID:\SoftWare\Keil\MDK\ARM\CMSIS\Include -
-predefine="__UVISION_VERSION SETA 532" --predefine="STM32F10X_HD SETA 1" --lis



ARM Macro Assembler    Page 2 


t=.\listings\start.lst start.s



ARM Macro Assembler    Page 1 Alphabetic symbol ordering
Relocatable symbols

RESET 00000000

Symbol: RESET
   Definitions
      At line 7 in file start.s
   Uses
      None
Comment: RESET unused
__Vectors 00000000

Symbol: __Vectors
   Definitions
      At line 10 in file start.s
   Uses
      At line 8 in file start.s
Comment: __Vectors used once
2 symbols



ARM Macro Assembler    Page 1 Alphabetic symbol ordering
Relocatable symbols

.text 00000000

Symbol: .text
   Definitions
      At line 13 in file start.s
   Uses
      None
Comment: .text unused
Reset_Handler 00000000

Symbol: Reset_Handler
   Definitions
      At line 16 in file start.s
   Uses
      At line 11 in file start.s
      At line 17 in file start.s

2 symbols



ARM Macro Assembler    Page 1 Alphabetic symbol ordering
External symbols

Image$$RW_IRAM1$$Base 00000000

Symbol: Image$$RW_IRAM1$$Base
   Definitions
      At line 23 in file start.s
   Uses
      At line 27 in file start.s
Comment: Image$$RW_IRAM1$$Base used once
Image$$RW_IRAM1$$Length 00000000

Symbol: Image$$RW_IRAM1$$Length
   Definitions
      At line 24 in file start.s
   Uses
      At line 29 in file start.s
Comment: Image$$RW_IRAM1$$Length used once
Load$$RW_IRAM1$$Base 00000000

Symbol: Load$$RW_IRAM1$$Base
   Definitions
      At line 25 in file start.s
   Uses
      At line 28 in file start.s
Comment: Load$$RW_IRAM1$$Base used once
main 00000000

Symbol: main
   Definitions
      At line 18 in file start.s
   Uses
      At line 32 in file start.s
Comment: main used once
memcpy 00000000

Symbol: memcpy
   Definitions
      At line 26 in file start.s
   Uses
      At line 30 in file start.s
Comment: memcpy used once
5 symbols
343 symbols in table
