


ARM Macro Assembler    Page 1 


    1 00000000                 PRESERVE8
    2 00000000                 THUMB
    3 00000000         
    4 00000000         ; Vector Table Mapped to Address 0 at Reset
    5 00000000                 AREA             RESET, DATA, READONLY
    6 00000000                 EXPORT           __Vectors
    7 00000000                 IMPORT           HardFault_Handler
    8 00000000                 IMPORT           UsageFault_Handler
    9 00000000                 IMPORT           SVC_Handler
   10 00000000                 IMPORT           SysTick_Handler
   11 00000000         
   12 00000000 00000000 
                       __Vectors
                               DCD              0
   13 00000004 00000000        DCD              Reset_Handler ; Reset Handler
   14 00000008 00000000        DCD              0           ; NMI Handler
   15 0000000C 00000000        DCD              HardFault_Handler ; Hard Fault 
                                                            Handler
   16 00000010 00000000        DCD              0           ; MPU Fault Handler
                                                            
   17 00000014 00000000        DCD              0           ; Bus Fault Handler
                                                            
   18 00000018 00000000        DCD              UsageFault_Handler_asm ; Usage 
                                                            Fault Handler
   19 0000001C 00000000        DCD              0           ; Reserved
   20 00000020 00000000        DCD              0           ; Reserved
   21 00000024 00000000        DCD              0           ; Reserved
   22 00000028 00000000        DCD              0           ; Reserved
   23 0000002C 00000000        DCD              SVC_Handler ; SVCall Handler
   24 00000030 00000000        DCD              0           ; Debug Monitor Han
                                                            dler
   25 00000034 00000000        DCD              0           ; Reserved
   26 00000038 00000000        DCD              0           ; PendSV Handler
   27 0000003C 00000000        DCD              SysTick_Handler 
                                                            ; SysTick Handler
   28 00000040                 AREA             |.text|, CODE, READONLY
   29 00000000         
   30 00000000         ; Reset handler
   31 00000000         Reset_Handler
                               PROC
   32 00000000                 EXPORT           Reset_Handler             [WEAK
]
   33 00000000                 IMPORT           mymain
   34 00000000                 IMPORT           SystemInit
   35 00000000                 IMPORT           uart_init
   36 00000000                 IMPORT           UsageFaultInit
   37 00000000                 IMPORT           SysTickInit
   38 00000000         
   39 00000000 F8DF D038       LDR              SP, =(0x20000000+0x10000)
   40 00000004         
   41 00000004 F7FF FFFE       BL               SystemInit
   42 00000008 F7FF FFFE       BL               uart_init
   43 0000000C F7FF FFFE       BL               UsageFaultInit
   44 00000010         
   45 00000010 F04F 0000       LDR              R0, =0x00
   46 00000014 F04F 0101       LDR              R1, =0x01
   47 00000018 F04F 0202       LDR              R2, =0x02
   48 0000001C F04F 0303       LDR              R3, =0x03
   49 00000020 F04F 0C04       LDR              R12, =0x04



ARM Macro Assembler    Page 2 


   50 00000024 F04F 0E05       LDR              LR, =0x05
   51 00000028         ; PC
   52 00000028         ; xPSR
   53 00000028         
   54 00000028 FFFFFFFF        DCD              0xFFFFFFFF  ; 未定义指令异常
   55 0000002C DF01            SVC              #1          ; SVC 异常
   56 0000002E F7FF FFFE       BL               SysTickInit ; SysTick 异常
   57 00000032         
   58 00000032 F7FF FFFE       BL               mymain
   59 00000036         
   60 00000036                 ENDP
   61 00000036         
   62 00000036         UsageFault_Handler_asm
                               PROC
   63 00000036 4668            MOV              R0, SP      ; 传入栈(指向保存的
                                                            现场)
   64 00000038 F7FF BFFE       B                UsageFault_Handler
   65 0000003C                 ENDP
   66 0000003C         
   67 0000003C         
   68 0000003C                 END
              20010000 
Command Line: --debug --xref --diag_suppress=9931 --cpu=Cortex-M3 --apcs=interw
ork --depend=.\objects\start.d -o.\objects\start.o -ID:\SoftWare\Keil\PACKS\Kei
l\STM32F1xx_DFP\2.3.0\Device\Include -ID:\SoftWare\Keil\MDK\ARM\CMSIS\Include -
-predefine="__UVISION_VERSION SETA 532" --predefine="STM32F10X_HD SETA 1" --lis
t=.\listings\start.lst start.s



ARM Macro Assembler    Page 1 Alphabetic symbol ordering
Relocatable symbols

RESET 00000000

Symbol: RESET
   Definitions
      At line 5 in file start.s
   Uses
      None
Comment: RESET unused
__Vectors 00000000

Symbol: __Vectors
   Definitions
      At line 12 in file start.s
   Uses
      At line 6 in file start.s
Comment: __Vectors used once
2 symbols



ARM Macro Assembler    Page 1 Alphabetic symbol ordering
Relocatable symbols

.text 00000000

Symbol: .text
   Definitions
      At line 28 in file start.s
   Uses
      None
Comment: .text unused
Reset_Handler 00000000

Symbol: Reset_Handler
   Definitions
      At line 31 in file start.s
   Uses
      At line 13 in file start.s
      At line 32 in file start.s

UsageFault_Handler_asm 00000036

Symbol: UsageFault_Handler_asm
   Definitions
      At line 62 in file start.s
   Uses
      At line 18 in file start.s
Comment: UsageFault_Handler_asm used once
3 symbols



ARM Macro Assembler    Page 1 Alphabetic symbol ordering
External symbols

HardFault_Handler 00000000

Symbol: HardFault_Handler
   Definitions
      At line 7 in file start.s
   Uses
      At line 15 in file start.s
Comment: HardFault_Handler used once
SVC_Handler 00000000

Symbol: SVC_Handler
   Definitions
      At line 9 in file start.s
   Uses
      At line 23 in file start.s
Comment: SVC_Handler used once
SysTickInit 00000000

Symbol: SysTickInit
   Definitions
      At line 37 in file start.s
   Uses
      At line 56 in file start.s
Comment: SysTickInit used once
SysTick_Handler 00000000

Symbol: SysTick_Handler
   Definitions
      At line 10 in file start.s
   Uses
      At line 27 in file start.s
Comment: SysTick_Handler used once
SystemInit 00000000

Symbol: SystemInit
   Definitions
      At line 34 in file start.s
   Uses
      At line 41 in file start.s
Comment: SystemInit used once
UsageFaultInit 00000000

Symbol: UsageFaultInit
   Definitions
      At line 36 in file start.s
   Uses
      At line 43 in file start.s
Comment: UsageFaultInit used once
UsageFault_Handler 00000000

Symbol: UsageFault_Handler
   Definitions
      At line 8 in file start.s
   Uses
      At line 64 in file start.s
Comment: UsageFault_Handler used once
mymain 00000000

Symbol: mymain



ARM Macro Assembler    Page 2 Alphabetic symbol ordering
External symbols

   Definitions
      At line 33 in file start.s
   Uses
      At line 58 in file start.s
Comment: mymain used once
uart_init 00000000

Symbol: uart_init
   Definitions
      At line 35 in file start.s
   Uses
      At line 42 in file start.s
Comment: uart_init used once
9 symbols
348 symbols in table
