


ARM Macro Assembler    Page 1 


    1 00000000         
    2 00000000                 PRESERVE8
    3 00000000                 THUMB
    4 00000000         
    5 00000000         
    6 00000000         ; Vector Table Mapped to Address 0 at Reset
    7 00000000                 AREA             RESET, DATA, READONLY
    8 00000000                 EXPORT           __Vectors
    9 00000000         
   10 00000000 00000000 
                       __Vectors
                               DCD              0
   11 00000004 00000000        DCD              Reset_Handler ; Reset Handler
   12 00000008         
   13 00000008                 AREA             |.text|, CODE, READONLY
   14 00000000         
   15 00000000         ; Reset handler
   16 00000000         Reset_Handler
                               PROC
   17 00000000                 EXPORT           Reset_Handler             [WEAK
]
   18 00000000                 IMPORT           main
   19 00000000                 IMPORT           |Image$$RW_IRAM1$$Base| ; Execu
                                                            tion address of the
                                                             region.
   20 00000000                 IMPORT           |Image$$RW_IRAM1$$Length| ; Exe
                                                            cution region lengt
                                                            h in bytes excludin
                                                            g ZI length.
   21 00000000                 IMPORT           |Load$$RW_IRAM1$$Base| ; Load a
                                                            ddress of the regio
                                                            n.
   22 00000000                 IMPORT           memcpy
   23 00000000                 IMPORT           |Image$$RW_IRAM1$$ZI$$Base|
   24 00000000                 IMPORT           |Image$$RW_IRAM1$$ZI$$Length|
   25 00000000                 IMPORT           memset
   26 00000000         
   27 00000000 F8DF D01C       LDR              SP, =(0x20000000+0x10000)
   28 00000004         
   29 00000004         ; relocate data section
   30 00000004 4807            LDR              R0, = |Image$$RW_IRAM1$$Base| 
                                                            ; 链接地址
   31 00000006 4908            LDR              R1, = |Load$$RW_IRAM1$$Base| 
                                                            ; 加载地址
   32 00000008 4A08            LDR              R2, = |Image$$RW_IRAM1$$Length|
 
                                                            ; 链接长度
   33 0000000A F7FF FFFE       BL               memcpy
   34 0000000E         
   35 0000000E         ; clear bss/zi
   36 0000000E 4808            LDR              R0, = |Image$$RW_IRAM1$$ZI$$Bas
e| 
                                                            ; 链接地址
   37 00000010 F04F 0100       MOV              R1, #0      ; 清0
   38 00000014 4A07            LDR              R2, = |Image$$RW_IRAM1$$ZI$$Len
gth| 
                                                            ; 链接长度
   39 00000016 F7FF FFFE       BL               memset
   40 0000001A         



ARM Macro Assembler    Page 2 


   41 0000001A F7FF FFFE       BL               main
   42 0000001E         
   43 0000001E                 ENDP
   44 0000001E         
   45 0000001E                 END
              00 00 20010000 
              00000000 
              00000000 
              00000000 
              00000000 
              00000000 
Command Line: --debug --xref --diag_suppress=9931 --cpu=Cortex-M3 --apcs=interw
ork --depend=.\objects\start.d -o.\objects\start.o -ID:\SoftWare\Keil\PACKS\Kei
l\STM32F1xx_DFP\2.3.0\Device\Include -ID:\SoftWare\Keil\MDK\ARM\CMSIS\Include -
-predefine="__UVISION_VERSION SETA 532" --predefine="STM32F10X_HD SETA 1" --lis
t=.\listings\start.lst start.s



ARM Macro Assembler    Page 1 Alphabetic symbol ordering
Relocatable symbols

RESET 00000000

Symbol: RESET
   Definitions
      At line 7 in file start.s
   Uses
      None
Comment: RESET unused
__Vectors 00000000

Symbol: __Vectors
   Definitions
      At line 10 in file start.s
   Uses
      At line 8 in file start.s
Comment: __Vectors used once
2 symbols



ARM Macro Assembler    Page 1 Alphabetic symbol ordering
Relocatable symbols

.text 00000000

Symbol: .text
   Definitions
      At line 13 in file start.s
   Uses
      None
Comment: .text unused
Reset_Handler 00000000

Symbol: Reset_Handler
   Definitions
      At line 16 in file start.s
   Uses
      At line 11 in file start.s
      At line 17 in file start.s

2 symbols



ARM Macro Assembler    Page 1 Alphabetic symbol ordering
External symbols

Image$$RW_IRAM1$$Base 00000000

Symbol: Image$$RW_IRAM1$$Base
   Definitions
      At line 19 in file start.s
   Uses
      At line 30 in file start.s
Comment: Image$$RW_IRAM1$$Base used once
Image$$RW_IRAM1$$Length 00000000

Symbol: Image$$RW_IRAM1$$Length
   Definitions
      At line 20 in file start.s
   Uses
      At line 32 in file start.s
Comment: Image$$RW_IRAM1$$Length used once
Image$$RW_IRAM1$$ZI$$Base 00000000

Symbol: Image$$RW_IRAM1$$ZI$$Base
   Definitions
      At line 23 in file start.s
   Uses
      At line 36 in file start.s
Comment: Image$$RW_IRAM1$$ZI$$Base used once
Image$$RW_IRAM1$$ZI$$Length 00000000

Symbol: Image$$RW_IRAM1$$ZI$$Length
   Definitions
      At line 24 in file start.s
   Uses
      At line 38 in file start.s
Comment: Image$$RW_IRAM1$$ZI$$Length used once
Load$$RW_IRAM1$$Base 00000000

Symbol: Load$$RW_IRAM1$$Base
   Definitions
      At line 21 in file start.s
   Uses
      At line 31 in file start.s
Comment: Load$$RW_IRAM1$$Base used once
main 00000000

Symbol: main
   Definitions
      At line 18 in file start.s
   Uses
      At line 41 in file start.s
Comment: main used once
memcpy 00000000

Symbol: memcpy
   Definitions
      At line 22 in file start.s
   Uses
      At line 33 in file start.s
Comment: memcpy used once
memset 00000000

Symbol: memset



ARM Macro Assembler    Page 2 Alphabetic symbol ordering
External symbols

   Definitions
      At line 25 in file start.s
   Uses
      At line 39 in file start.s
Comment: memset used once
8 symbols
346 symbols in table
